<?xml version="1.0" encoding="UTF-8"?>
<coverage generated="1698567670166" clover="3.2.0">
  <project timestamp="1698567670166" name="All files">
    <metrics statements="9" coveredstatements="9" conditionals="8" coveredconditionals="8" methods="1" coveredmethods="1" elements="18" coveredelements="18" complexity="0" loc="9" ncloc="9" packages="1" files="1" classes="1"/>
    <file name="fizzBuzz.js" path="/Users/geoffreysaldo/Documents/WebPersonal/technical-tests-fulll/Algo/fizzBuzz.js">
      <metrics statements="9" coveredstatements="9" conditionals="8" coveredconditionals="8" methods="1" coveredmethods="1"/>
      <line num="2" count="10" type="cond" truecount="2" falsecount="0"/>
      <line num="3" count="2" type="stmt"/>
      <line num="6" count="8" type="stmt"/>
      <line num="7" count="8" type="stmt"/>
      <line num="8" count="8" type="stmt"/>
      <line num="10" count="8" type="cond" truecount="2" falsecount="0"/>
      <line num="11" count="8" type="cond" truecount="2" falsecount="0"/>
      <line num="13" count="8" type="cond" truecount="2" falsecount="0"/>
      <line num="16" count="1" type="stmt"/>
    </file>
  </project>
</coverage>
