{"/Users/geoffreysaldo/Documents/WebPersonal/technical-tests-fulll/Algo/fizzBuzz.js": {"path":"/Users/geoffreysaldo/Documents/WebPersonal/technical-tests-fulll/Algo/fizzBuzz.js","statementMap":{"0":{"start":{"line":2,"column":2},"end":{"line":4,"column":3}},"1":{"start":{"line":3,"column":4},"end":{"line":3,"column":11}},"2":{"start":{"line":6,"column":17},"end":{"line":6,"column":19}},"3":{"start":{"line":7,"column":22},"end":{"line":7,"column":29}},"4":{"start":{"line":8,"column":21},"end":{"line":8,"column":28}},"5":{"start":{"line":10,"column":2},"end":{"line":10,"column":38}},"6":{"start":{"line":11,"column":2},"end":{"line":11,"column":37}},"7":{"start":{"line":13,"column":2},"end":{"line":13,"column":38}},"8":{"start":{"line":16,"column":0},"end":{"line":16,"column":26}}},"fnMap":{"0":{"name":"fizzBuzz","decl":{"start":{"line":1,"column":9},"end":{"line":1,"column":17}},"loc":{"start":{"line":1,"column":23},"end":{"line":14,"column":1}},"line":1}},"branchMap":{"0":{"loc":{"start":{"line":2,"column":2},"end":{"line":4,"column":3}},"type":"if","locations":[{"start":{"line":2,"column":2},"end":{"line":4,"column":3}},{"start":{},"end":{}}],"line":2},"1":{"loc":{"start":{"line":10,"column":2},"end":{"line":10,"column":37}},"type":"binary-expr","locations":[{"start":{"line":10,"column":2},"end":{"line":10,"column":14}},{"start":{"line":10,"column":18},"end":{"line":10,"column":37}}],"line":10},"2":{"loc":{"start":{"line":11,"column":2},"end":{"line":11,"column":36}},"type":"binary-expr","locations":[{"start":{"line":11,"column":2},"end":{"line":11,"column":13}},{"start":{"line":11,"column":17},"end":{"line":11,"column":36}}],"line":11},"3":{"loc":{"start":{"line":13,"column":14},"end":{"line":13,"column":36}},"type":"binary-expr","locations":[{"start":{"line":13,"column":14},"end":{"line":13,"column":29}},{"start":{"line":13,"column":33},"end":{"line":13,"column":36}}],"line":13}},"s":{"0":10,"1":2,"2":8,"3":8,"4":8,"5":8,"6":8,"7":8,"8":1},"f":{"0":10},"b":{"0":[2,8],"1":[8,4],"2":[8,4],"3":[8,2]},"_coverageSchema":"1a1c01bbd47fc00a2c39e90264f33305004495a9","hash":"bfe1cd0a4a6e8dc5ae5469af4cc353448e77a4b5"}
}
